0.10471975 62 208
20
-2.08611 0 0
0.59833 1 0
0.52967 0 1
0.23473 2 0
0.23563 1 1
0.28672 1 2
0.27573 0 3
0.19561 4 0
-0.15184 3 1
-0.21241 2 2
0.04891 0 4
-0.18860 1 4
-0.17032 0 5
-0.05741 1 5
-0.04292 2 5
0.02097 0 7
-0.01487 2 6
-0.00384 0 8
-0.18402 9 0
-0.00188 3 7
23
-8.19369 0 0
-1.56665 1 0
0.73861 0 1
-3.10809 2 0
-0.35323 1 1
-0.06926 0 2
-0.68114 1 2
-0.32398 0 3
0.74679 4 0
0.43200 3 1
4.24388 2 2
0.14065 1 3
-0.30990 2 3
0.11365 0 5
-1.48566 4 2
-1.96501 2 4
2.04229 6 1
-0.48255 5 2
0.09847 1 6
0.49313 2 6
-1.00218 8 1
-0.02809 2 8
0.00054 5 9
17
8.352 0 0
-13.742 1 0
-8.268 0 1
0.900 0 2
5.340 3 0
2.960 1 2
-2.016 0 3
5.087 3 1
1.437 1 3
0.951 0 5
-2.461 3 4
-1.560 8 0
-1.980 7 1
-0.205 5 3
0.094 1 8
-2.885 8 2
-0.011 1 9
