0.05235988 60.0 260.0
43
0.79395 0 0
2.29199 1 0
0.27589 0 1
-1.76644 2 0
0.47743 1 1
0.08421 0 2
-6.03894 3 0
-3.55747 2 1
-1.81118 1 2
-0.20307 0 3
7.75815 4 0
-3.10170 3 1
3.58363 2 2
-1.31086 1 3
-0.45916 0 4
14.27239 5 0
3.28815 4 1
1.35742 2 3
1.75323 1 4
0.44999 0 5
-19.02041 4 2
-1.01631 2 4
1.47331 1 5
0.15181 0 6
0.41614 2 5
-0.80920 1 6
-0.18177 0 7
5.19854 4 4
-0.48837 1 7
-0.01473 0 8
-2.26448 9 0
-0.46457 2 7
0.11259 1 8
0.02067 0 9
47.64961 8 2
0.04828 1 9
36.38963 9 2
0.06991 4 7
0.08456 3 8
0.09113 2 9
5.93797 7 5
-2.36261 7 6
0.095775 5 8
38
-1.36099 0 0
3.61796 0 1
-3.97703 2 0
3.09705 1 1
-1.15866 0 2
-13.28954 3 0
-3.15795 2 1
0.68405 1 2
-0.50303 0 3
-8.81200 3 1
-2.17587 2 2
-1.49513 1 3
0.84700 0 4
31.42448 5 0
-14.67474 3 2
0.65640 1 4
17.55842 6 0
6.87058 4 2
-0.21565 0 6
62.18139 5 2
1.78687 3 4
2.74517 2 5
-0.30085 1 6
0.04600 0 7
63.52702 6 2
7.83682 5 3
9.59444 3 5
0.01480 0 8
10.51228 4 5
-1.42398 2 7
-0.00834 0 9
5.23485 7 3
-3.18129 3 7
8.45704 9 2
-2.29333 4 7
0.14465 2 9
0.29701 3 9
0.17655 4 9
23
-26.806 0 0
9.266 1 0
-5.857 0 1
14.794 2 0
3.497 1 1
9.600 0 2
-7.664 1 2
-40.040 2 2
-3.439 0 4
14.592 2 3
-23.902 5 1
15.246 4 2
18.445 2 4
0.770 0 6
-130.424 6 1
-11.874 2 5
-100.769 7 1
-3.165 2 6
-0.182 1 7
-0.066 0 8
2.404 2 7
0.073 1 8
-0.074 2 9
