0.10471975 20.0 283.0
28
2.18504 0 0
-2.43432 1 0
-0.43566 0 1
-5.51944 2 0
-0.27046 1 1
12.61954 3 0
-2.88156 2 1
1.67846 1 2
0.95009 0 3
31.98970 4 0
-13.72449 3 1
-6.90489 2 2
-0.41847 0 4
-47.35821 5 0
6.14556 2 3
43.90069 6 0
74.23430 5 1
7.40175 2 4
0.00881 0 6
42.60766 7 0
-4.43185 2 5
18.21904 8 0
-77.96877 7 1
-0.05853 1 7
9.22708 8 2
0.09311 3 7
20.04825 9 2
0.06618 4 9
13
0.94649 0 0
0.14781 1 0
0.62356 0 1
0.07604 2 0
-0.64115 1 1
-0.67051 2 1
0.86816 0 3
0.46311 3 1
0.59579 4 1
-2.03251 0 5
1.69755 0 6
-0.41475 0 8
0.10863 0 9
9
-39.801 0 0
6.864 1 0
2.477 0 1
43.076 2 0
2.867 0 2
-171.105 4 0
230.032 6 0
-0.058 0 7
-95.522 8 0
