0.05235988 37.0 265.0
23
  0.16984 0 0
 -0.76173 1 0
  0.09585 0 1
  1.09919 2 0
 -4.57801 3 0
 -1.13239 2 1
  0.49831 0 3
 -0.98399 3 1
  0.12415 1 3
  0.11450 0 4
 27.05396 5 0
  2.03449 4 1
  0.73357 2 3
 -0.37548 0 5
 -0.14197 0 6
-59.96555 7 0
  0.07439 0 7
 -4.76082 8 0
  0.03385 0 8
 49.04320 9 0
 -1.30575 6 3
 -0.07653 3 9
  0.08646 4 9
23
 -0.88437 0 0
  2.05061 0 1
  0.26361 2 0
 -0.76804 1 1
  0.13374 0 2
 -1.31974 3 0
 -0.52162 2 1
 -1.05853 1 2
 -0.49211 2 2
  2.17204 1 3
 -0.06004 0 4
  0.30139 4 1
  1.88585 1 4
 -0.81162 1 5
 -0.05183 0 6
 -0.96723 1 6
 -0.12948 3 5
  3.41827 9 0
 -0.44507 8 1
  0.18882 1 8
 -0.01444 0 9
  0.04794 1 9
 -0.59013 9 3
20
 -36.526 0 0
   3.900 1 0
  -4.723 0 1
 -21.553 2 0
   7.294 1 1
   8.886 0 2
  -8.440 2 1
  -2.930 1 2
  56.937 4 0
 -58.756 3 1
  -4.061 0 4
   4.447 4 1
   4.903 2 3
 -55.873 6 0
 212.005 5 1
   3.081 0 6
-254.511 7 1
  -0.756 0 8
  30.654 8 1
  -0.122 1 9
