0.05235988 20.0 290.0
26
0.67775 0 0
10.02259 1 0
-18.72391 0 1
12.66341 2 0
-32.47686 0 2
-52.70768 3 0
-13.86527 1 2
-16.82734 0 3
-59.54646 3 1
120.64887 5 0
7.23362 2 3
95.89131 5 1
-2.89651 1 5
-1.23778 0 6
70.19213 8 0
0.84596 2 6
0.14848 0 8
-3.83786 3 6
0.10405 1 9
30.09795 8 3
12.93585 6 6
-0.58747 3 9
0.74850 4 9
6.32462 8 7
-0.12736 6 9
-0.59993 9 9
23
-0.33643 0 0
-3.11777 0 1
-5.16881 2 0
-3.17318 0 2
-34.59331 3 0
0.97215 1 2
-0.58180 0 3
223.78114 5 0
358.07266 6 0
270.68064 7 0
-87.99549 6 1
-0.09789 1 6
636.41982 7 1
-729.91514 6 2
-0.60122 3 5
-375.38863 6 3
-6.97538 4 5
-0.00138 0 9
-363.45977 9 1
50.19955 8 2
-12.01575 5 6
-0.43140 6 9
0.43907 9 9
12
-20.013 0 0
12.815 1 0
-8.084 0 1
74.122 2 1
39.523 2 2
-23.158 4 1
194.444 6 0
36.797 5 1
0.181 1 5
-292.155 8 0
3.749 5 5
2.537 8 6
