0.05235988 -27.0 134.0
17
5.20604 0 0
0.25225 1 0
0.58528 0 1
-0.41584 2 0
-0.38260 1 1
-0.06820 0 2
0.38699 2 1
0.07934 1 2
0.37714 4 0
-0.52913 4 1
0.38095 0 7
0.68776 2 6
-0.03785 0 8
-0.17891 9 0
-4.84581 2 7
-0.35777 0 9
4.23859 2 9
17
4.67877 0 0
-0.73036 1 0
-0.57942 0 1
0.28840 2 0
0.10194 3 0
-0.27814 1 2
-0.13598 0 3
0.34670 1 3
-0.46107 0 4
1.29432 2 3
0.17996 1 4
-1.13008 2 5
-0.46832 8 0
0.30676 0 8
0.31948 9 0
0.16735 0 9
-1.19443 3 9
19
7.083 0 0
55.757 1 0
36.306 0 1
21.288 2 0
15.111 1 1
-3.814 0 2
-34.056 3 0
3.325 0 3
-18.113 2 2
54.055 3 2
-201.077 6 1
-34.759 2 5
-30.667 1 6
-167.018 6 2
333.184 8 1
20.740 1 8
-3.650 0 9
-662.590 3 7
546.536 3 9
