0.05235988 -27.0 134.0
17
5.19238 0 0
0.12666 1 0
0.52309 0 1
-0.42069 2 0
-0.39326 1 1
0.93484 2 1
0.44249 1 2
-0.30074 1 3
1.00092 5 0
-0.07565 0 6
-1.42988 9 0
-16.06639 4 5
0.07428 0 9
0.24256 1 9
39.27946 6 7
-62.06403 7 8
89.19184 9 8
19
4.69250 0 0
-0.87138 1 0
-0.50104 0 1
0.12678 1 1
-0.23076 0 2
-0.61098 2 1
-0.38064 0 3
2.89189 6 0
5.26013 2 5
-2.97897 8 0
5.43221 3 5
-3.40748 2 6
0.07772 0 8
1.08514 8 1
0.71516 1 8
0.20185 0 9
5.18012 2 8
-1.72907 3 8
-1.24329 2 9
25
6.953 0 0
54.753 1 0
38.295 0 1
15.913 2 0
12.922 1 1
-2.616 0 2
-24.663 3 0
-13.250 2 1
105.716 3 2
-467.812 3 3
79.981 7 1
-1225.777 4 4
2184.222 3 5
353.713 2 6
1026.749 4 5
-228.175 2 7
-20.283 1 8
1202.073 4 6
-3578.264 3 7
-513.229 2 8
-12.141 1 9
-1407.128 5 6
522.507 8 4
1519.599 3 9
-6318.177 6 9
