0.05232988 52.0 10.0
15
-2.65261 0 0
2.06392 1 0
0.77921 0 1
0.26743 2 0
0.10706 1 1
0.76407 3 0
-0.95430 2 1
0.17197 4 0
1.04974 4 1
-0.22899 5 2
-0.05401 0 8
-0.78909 9 0
-0.10572 2 7
0.05283 1 9
0.02445 3 9
30
-4.13447 0 0
-1.50572 1 0
1.94075 0 1
-1.37600 2 0
1.98425 1 1
0.30068 0 2
-2.31939 3 0
-1.70401 4 0
-5.48711 1 3
7.41956 5 0
-1.61351 2 3
5.92923 1 4
-1.97974 0 5
1.57701 6 0
-6.52522 3 3
16.85976 2 4
-1.79701 1 5
-3.08344 7 0
-14.32516 6 1
4.49096 4 4
9.98750 8 1
7.80215 7 2
-2.26917 2 7
0.16438 0 9
-17.45428 4 6
-8.25844 9 2
5.28734 8 3
8.87141 5 7
-3.48015 9 4
0.71041 4 9
12
36.393 0 0
-28.239 1 0
-16.575 0 1
12.889 2 0
9.678 1 1
2.497 0 2
6.850 3 0
-5.219 4 0
-2.765 1 4
7.029 2 5
-5.205 6 2
-0.938 1 9
