0.10471975 27 30
11
 -4.26321 0 0
  0.53413 1 0
 -0.25545 0 1
  0.22185 2 0
 -0.94305 1 1
  0.32199 0 2
  1.45564 3 1
 -5.32845 7 0
-27.06979 3 4
-17.61168 4 4
 50.14314 5 4
14
 -1.43240 0 0
  2.03143 0 1
  0.83784 2 0
 -0.18148 1 1
  2.45164 0 2
 -2.19685 2 1
-17.28492 0 3
-18.37881 2 2
 -4.37317 0 4
 58.86054 0 5
 37.96406 2 4
 16.79416 4 3
-64.07183 0 7
 67.58848 8 2
14
    7.841 0 0
   -8.571 1 0
    6.308 0 1
    9.597 2 0
  -48.792 1 1
   12.857 0 2
  -35.858 3 0
   19.847 2 1
  -19.243 0 3
  -32.325 0 4
  132.326 5 0
  335.520 5 1
 1620.894 1 9
-3902.371 3 9
