0.05235988 -20.0 300.0
33
-1.67504 0 0
-0.05209 1 0
0.25158 0 1
1.10149 2 0
0.24913 1 1
-1.00937 2 1
-0.74977 0 3
-1.54090 4 0
0.14474 0 4
0.47866 5 0
0.36278 3 2
-1.29942 1 4
0.30410 0 5
0.87669 6 0
-0.27950 5 1
-0.46367 7 0
4.31466 4 3
2.09523 2 5
0.85556 1 6
-0.17897 8 0
-0.57205 1 7
0.12327 9 0
-0.85033 6 3
-4.86177 4 5
0.06085 9 1
-0.21518 3 8
0.31053 5 7
-0.09228 8 5
-0.22996 9 5
0.58774 6 9
0.87562 9 7
0.39001 8 9
-0.81697 9 9
23
-1.77967 0 0
0.40405 1 0
0.50268 0 1
-0.05387 2 0
-0.12837 1 1
-0.54687 2 1
-0.17056 0 3
-0.14400 3 1
0.11351 5 1
-0.62692 3 3
-0.01750 8 0
1.18616 3 5
0.01305 9 0
1.01360 7 3
-0.29059 8 3
5.12370 6 5
-5.09561 7 5
-5.27168 6 7
4.04265 7 7
-1.62710 8 7
1.68899 9 7
2.07213 8 9
-1.76074 9 9
33
9.570 0 0
-6.834 1 0
-30.016 0 1
-4.015 2 0
-20.812 1 1
-21.963 3 0
16.430 2 1
18.938 1 2
64.770 0 3
54.885 3 1
-42.988 1 3
16.338 5 0
-15.557 4 1
-20.455 2 3
-27.201 1 4
-83.152 0 5
0.520 6 0
-40.493 5 1
101.490 1 5
-3.423 7 0
32.506 0 7
20.338 7 1
-42.081 1 7
1.670 8 1
23.697 3 6
17.596 2 7
-4.342 9 1
-42.782 3 7
5.778 6 5
-1.734 8 4
-6.902 5 8
16.305 5 9
-4.599 8 7
