0.15707963 35.0 135.0
29
11.42838 0 0
0.38110 1 0
0.66055 0 1
-2.85156 2 0
-7.90920 3 0
2.66055 2 1
-1.44720 1 2
-0.55880 0 3
17.02465 4 0
-13.83455 3 1
2.24425 1 3
4.26478 5 0
10.19286 4 1
-12.27058 3 2
1.72169 1 4
-10.70332 6 0
9.42547 4 2
-0.04957 3 3
-1.63710 7 0
-3.31782 4 3
5.58416 3 4
2.17642 8 0
-3.44749 4 4
-0.18249 0 8
-0.40958 2 7
-0.08997 0 9
0.75251 3 7
-0.14797 2 8
-0.00866 9 5
19
-9.41485 0 0
-4.14394 0 1
-0.20672 1 1
-1.37944 0 2
-1.23235 3 0
-0.83040 2 1
5.62308 0 3
1.80683 0 4
-4.51075 0 5
0.09944 6 0
-0.91183 0 6
0.90813 7 0
0.28770 2 5
1.48962 0 7
0.16266 0 8
-0.27918 9 0
-0.16036 0 9
-0.03918 5 8
0.01027 7 8
22
17.498 0 0
-5.767 1 0
-30.032 0 1
93.585 2 0
-23.478 1 1
20.307 2 1
11.444 1 2
12.581 0 3
-235.503 4 0
48.615 3 1
76.860 5 0
-2.569 0 5
170.295 6 0
-39.287 5 1
-73.837 7 0
-11.695 3 4
-38.249 8 0
9.382 7 1
18.230 9 0
3.445 4 5
0.329 1 9
-0.147 3 9
